<?xml version="1.0" encoding="UTF-8"?>
<testsuite name="com.walbety.blank.controller.SampleControllerComponentTest" tests="1" skipped="0" failures="0" errors="0" timestamp="2022-05-12T08:59:58" hostname="lnb028425bhz" time="0.332">
  <properties/>
  <testcase name="testSampleGet()" classname="com.walbety.blank.controller.SampleControllerComponentTest" time="0.332"/>
  <system-out><![CDATA[05:59:54.291 [Test worker] DEBUG org.springframework.test.context.BootstrapUtils - Instantiating CacheAwareContextLoaderDelegate from class [org.springframework.test.context.cache.DefaultCacheAwareContextLoaderDelegate]
05:59:54.313 [Test worker] DEBUG org.springframework.test.context.BootstrapUtils - Instantiating BootstrapContext using constructor [public org.springframework.test.context.support.DefaultBootstrapContext(java.lang.Class,org.springframework.test.context.CacheAwareContextLoaderDelegate)]
05:59:54.406 [Test worker] DEBUG org.springframework.test.context.BootstrapUtils - Instantiating TestContextBootstrapper for test class [com.walbety.blank.controller.SampleControllerComponentTest] from class [org.springframework.boot.test.autoconfigure.web.servlet.WebMvcTestContextBootstrapper]
05:59:54.431 [Test worker] INFO org.springframework.boot.test.autoconfigure.web.servlet.WebMvcTestContextBootstrapper - Neither @ContextConfiguration nor @ContextHierarchy found for test class [com.walbety.blank.controller.SampleControllerComponentTest], using SpringBootContextLoader
05:59:54.440 [Test worker] DEBUG org.springframework.test.context.support.AbstractContextLoader - Did not detect default resource location for test class [com.walbety.blank.controller.SampleControllerComponentTest]: class path resource [com/walbety/blank/controller/SampleControllerComponentTest-context.xml] does not exist
05:59:54.441 [Test worker] DEBUG org.springframework.test.context.support.AbstractContextLoader - Did not detect default resource location for test class [com.walbety.blank.controller.SampleControllerComponentTest]: class path resource [com/walbety/blank/controller/SampleControllerComponentTestContext.groovy] does not exist
05:59:54.441 [Test worker] INFO org.springframework.test.context.support.AbstractContextLoader - Could not detect default resource locations for test class [com.walbety.blank.controller.SampleControllerComponentTest]: no resource found for suffixes {-context.xml, Context.groovy}.
05:59:54.442 [Test worker] INFO org.springframework.test.context.support.AnnotationConfigContextLoaderUtils - Could not detect default configuration classes for test class [com.walbety.blank.controller.SampleControllerComponentTest]: SampleControllerComponentTest does not declare any static, non-private, non-final, nested classes annotated with @Configuration.
05:59:54.714 [Test worker] DEBUG org.springframework.context.annotation.ClassPathScanningCandidateComponentProvider - Identified candidate component class: file [/home/walbety/wrkspc/personal/blank-template/build/classes/java/main/com/walbety/blank/BlankApplication.class]
05:59:54.716 [Test worker] INFO org.springframework.boot.test.context.SpringBootTestContextBootstrapper - Found @SpringBootConfiguration com.walbety.blank.BlankApplication for test class com.walbety.blank.controller.SampleControllerComponentTest
05:59:54.723 [Test worker] DEBUG org.springframework.boot.test.autoconfigure.web.servlet.WebMvcTestContextBootstrapper - @TestExecutionListeners is not present for class [com.walbety.blank.controller.SampleControllerComponentTest]: using defaults.
05:59:54.724 [Test worker] INFO org.springframework.boot.test.autoconfigure.web.servlet.WebMvcTestContextBootstrapper - Loaded default TestExecutionListener class names from location [META-INF/spring.factories]: [org.springframework.boot.test.autoconfigure.restdocs.RestDocsTestExecutionListener, org.springframework.boot.test.autoconfigure.web.client.MockRestServiceServerResetTestExecutionListener, org.springframework.boot.test.autoconfigure.web.servlet.MockMvcPrintOnlyOnFailureTestExecutionListener, org.springframework.boot.test.autoconfigure.web.servlet.WebDriverTestExecutionListener, org.springframework.boot.test.autoconfigure.webservices.client.MockWebServiceServerTestExecutionListener, org.springframework.boot.test.mock.mockito.MockitoTestExecutionListener, org.springframework.boot.test.mock.mockito.ResetMocksTestExecutionListener, org.springframework.test.context.web.ServletTestExecutionListener, org.springframework.test.context.support.DirtiesContextBeforeModesTestExecutionListener, org.springframework.test.context.event.ApplicationEventsTestExecutionListener, org.springframework.test.context.support.DependencyInjectionTestExecutionListener, org.springframework.test.context.support.DirtiesContextTestExecutionListener, org.springframework.test.context.transaction.TransactionalTestExecutionListener, org.springframework.test.context.jdbc.SqlScriptsTestExecutionListener, org.springframework.test.context.event.EventPublishingTestExecutionListener]
05:59:54.766 [Test worker] INFO org.springframework.boot.test.autoconfigure.web.servlet.WebMvcTestContextBootstrapper - Using TestExecutionListeners: [org.springframework.test.context.web.ServletTestExecutionListener@2abe9173, org.springframework.test.context.support.DirtiesContextBeforeModesTestExecutionListener@235d29d6, org.springframework.test.context.event.ApplicationEventsTestExecutionListener@1fdca564, org.springframework.boot.test.mock.mockito.MockitoTestExecutionListener@43f9dd56, org.springframework.boot.test.autoconfigure.SpringBootDependencyInjectionTestExecutionListener@1d12e953, org.springframework.test.context.support.DirtiesContextTestExecutionListener@57cb70be, org.springframework.test.context.transaction.TransactionalTestExecutionListener@2d4608a6, org.springframework.test.context.jdbc.SqlScriptsTestExecutionListener@20d87335, org.springframework.test.context.event.EventPublishingTestExecutionListener@2a8a4e0c, org.springframework.boot.test.autoconfigure.restdocs.RestDocsTestExecutionListener@26c89563, org.springframework.boot.test.autoconfigure.web.client.MockRestServiceServerResetTestExecutionListener@3bd6ba24, org.springframework.boot.test.autoconfigure.web.servlet.MockMvcPrintOnlyOnFailureTestExecutionListener@58f437b0, org.springframework.boot.test.autoconfigure.web.servlet.WebDriverTestExecutionListener@20f6f88c, org.springframework.boot.test.autoconfigure.webservices.client.MockWebServiceServerTestExecutionListener@4277127c, org.springframework.boot.test.mock.mockito.ResetMocksTestExecutionListener@4c7e978c]
05:59:54.773 [Test worker] DEBUG org.springframework.test.context.support.AbstractDirtiesContextTestExecutionListener - Before test class: context [DefaultTestContext@4784efd9 testClass = SampleControllerComponentTest, testInstance = [null], testMethod = [null], testException = [null], mergedContextConfiguration = [WebMergedContextConfiguration@3fba233d testClass = SampleControllerComponentTest, locations = '{}', classes = '{class com.walbety.blank.BlankApplication}', contextInitializerClasses = '[]', activeProfiles = '{component-test}', propertySourceLocations = '{}', propertySourceProperties = '{org.springframework.boot.test.autoconfigure.web.servlet.WebMvcTestContextBootstrapper=true}', contextCustomizers = set[org.springframework.boot.test.autoconfigure.OverrideAutoConfigurationContextCustomizerFactory$DisableAutoConfigurationContextCustomizer@701bc94e, org.springframework.boot.test.autoconfigure.actuate.metrics.MetricsExportContextCustomizerFactory$DisableMetricExportContextCustomizer@3d7b1f1c, org.springframework.boot.test.autoconfigure.filter.TypeExcludeFiltersContextCustomizer@c80aba46, org.springframework.boot.test.autoconfigure.properties.PropertyMappingContextCustomizer@fca64d4f, org.springframework.boot.test.autoconfigure.web.servlet.WebDriverContextCustomizerFactory$Customizer@53a665ad, [ImportsContextCustomizer@427ae189 key = [org.springframework.boot.autoconfigure.cache.CacheAutoConfiguration, org.springframework.boot.autoconfigure.context.MessageSourceAutoConfiguration, org.springframework.boot.autoconfigure.data.web.SpringDataWebAutoConfiguration, org.springframework.boot.autoconfigure.freemarker.FreeMarkerAutoConfiguration, org.springframework.boot.autoconfigure.groovy.template.GroovyTemplateAutoConfiguration, org.springframework.boot.autoconfigure.gson.GsonAutoConfiguration, org.springframework.boot.autoconfigure.hateoas.HypermediaAutoConfiguration, org.springframework.boot.autoconfigure.http.HttpMessageConvertersAutoConfiguration, org.springframework.boot.autoconfigure.jackson.JacksonAutoConfiguration, org.springframework.boot.autoconfigure.jsonb.JsonbAutoConfiguration, org.springframework.boot.autoconfigure.mustache.MustacheAutoConfiguration, org.springframework.boot.autoconfigure.task.TaskExecutionAutoConfiguration, org.springframework.boot.autoconfigure.thymeleaf.ThymeleafAutoConfiguration, org.springframework.boot.autoconfigure.validation.ValidationAutoConfiguration, org.springframework.boot.autoconfigure.web.servlet.error.ErrorMvcAutoConfiguration, org.springframework.boot.autoconfigure.web.servlet.HttpEncodingAutoConfiguration, org.springframework.boot.autoconfigure.web.servlet.WebMvcAutoConfiguration, org.springframework.boot.test.autoconfigure.web.servlet.MockMvcAutoConfiguration, org.springframework.boot.test.autoconfigure.web.servlet.MockMvcWebClientAutoConfiguration, org.springframework.boot.test.autoconfigure.web.servlet.MockMvcWebDriverAutoConfiguration, org.springframework.boot.autoconfigure.security.oauth2.client.servlet.OAuth2ClientAutoConfiguration, org.springframework.boot.autoconfigure.security.oauth2.resource.servlet.OAuth2ResourceServerAutoConfiguration, org.springframework.boot.autoconfigure.security.servlet.SecurityAutoConfiguration, org.springframework.boot.autoconfigure.security.servlet.SecurityFilterAutoConfiguration, org.springframework.boot.autoconfigure.security.servlet.UserDetailsServiceAutoConfiguration, org.springframework.boot.test.autoconfigure.web.servlet.MockMvcSecurityConfiguration, org.springframework.boot.test.autoconfigure.web.reactive.WebTestClientAutoConfiguration]], org.springframework.boot.test.context.filter.ExcludeFilterContextCustomizer@38fc5554, org.springframework.boot.test.json.DuplicateJsonObjectContextCustomizerFactory$DuplicateJsonObjectContextCustomizer@3e1a3801, org.springframework.boot.test.mock.mockito.MockitoContextCustomizer@d930fceb, org.springframework.boot.test.context.SpringBootTestArgs@1, org.springframework.boot.test.context.SpringBootTestWebEnvironment@0], resourceBasePath = 'src/main/webapp', contextLoader = 'org.springframework.boot.test.context.SpringBootContextLoader', parent = [null]], attributes = map[[empty]]], class annotated with @DirtiesContext [false] with mode [null].

  .   ____          _            __ _ _
 /\\ / ___'_ __ _ _(_)_ __  __ _ \ \ \ \
( ( )\___ | '_ | '_| | '_ \/ _` | \ \ \ \
 \\/  ___)| |_)| | | | | || (_| |  ) ) ) )
  '  |____| .__|_| |_|_| |_\__, | / / / /
 =========|_|==============|___/=/_/_/_/
 :: Spring Boot ::                (v2.6.7)

2022-05-12 05:59:55.532  INFO 70531 --- [    Test worker] c.w.b.c.SampleControllerComponentTest    : Starting SampleControllerComponentTest using Java 17.0.2 on lnb028425bhz with PID 70531 (started by CIANDT\walbety in /home/walbety/wrkspc/personal/blank-template)
2022-05-12 05:59:55.534  INFO 70531 --- [    Test worker] c.w.b.c.SampleControllerComponentTest    : The following 1 profile is active: "component-test"
2022-05-12 05:59:58.429  INFO 70531 --- [    Test worker] o.s.b.t.m.w.SpringBootMockServletContext : Initializing Spring TestDispatcherServlet ''
2022-05-12 05:59:58.429  INFO 70531 --- [    Test worker] o.s.t.web.servlet.TestDispatcherServlet  : Initializing Servlet ''
2022-05-12 05:59:58.430  INFO 70531 --- [    Test worker] o.s.t.web.servlet.TestDispatcherServlet  : Completed initialization in 1 ms
2022-05-12 05:59:58.464  INFO 70531 --- [    Test worker] c.w.b.c.SampleControllerComponentTest    : Started SampleControllerComponentTest in 3.581 seconds (JVM running for 5.349)
2022-05-12 05:59:58.508  INFO 70531 --- [    Test worker] o.s.b.t.m.w.SpringBootMockServletContext : Initializing Spring TestDispatcherServlet ''
2022-05-12 05:59:58.508  INFO 70531 --- [    Test worker] o.s.t.web.servlet.TestDispatcherServlet  : Initializing Servlet ''
2022-05-12 05:59:58.509  INFO 70531 --- [    Test worker] o.s.t.web.servlet.TestDispatcherServlet  : Completed initialization in 1 ms
]]></system-out>
  <system-err><![CDATA[]]></system-err>
</testsuite>
